<?xml version="1.0" encoding="UTF-8" ?>
<testsuite errors="1" failures="0" hostname="Dragans-MacBook-Pro.local" name="algorithms_test.ClosestPointsTest" skipped="0" tests="1" time="0.0" timestamp="2016-11-22T18:46:20">
  <properties>
[...]
</properties>
  <error message="algorithms_test.ClosestPointsTest" type="java.lang.ClassNotFoundException">java.lang.ClassNotFoundException: algorithms_test.ClosestPointsTest
	at java.lang.ClassLoader.loadClass(ClassLoader.java:357)
	at java.lang.Class.forName0(Native Method)
	at java.lang.Class.forName(Class.java:348)
</error>
  <system-out><![CDATA[]]></system-out>
  <system-err><![CDATA[]]></system-err>
</testsuite>
